<?xml version="1.0" encoding="utf-8"?><testsuite errors="0" failures="0" name="pytest" skipped="0" tests="27" time="76.002"><testcase classname="web_unit_test" file="web_unit_test.py" line="20" name="test_index" time="0.022"></testcase><testcase classname="web_unit_test" file="web_unit_test.py" line="25" name="test_login_page" time="0.002"></testcase><testcase classname="web_unit_test.AdminRegister" file="web_unit_test.py" line="40" name="test_admin" time="5.797"><system-out>{&apos;status&apos;: &apos;success&apos;}
</system-out></testcase><testcase classname="web_unit_test.TestRegisterAndChangePassword" file="web_unit_test.py" line="63" name="test_change_password" time="7.034"><system-out>register new user
try to log in with new password
</system-out></testcase><testcase classname="web_unit_test.TestRequestAccesptAndDenide" file="web_unit_test.py" line="90" name="test_deny_admin_request" time="2.419"></testcase><testcase classname="web_unit_test.TestLogIn" file="web_unit_test.py" line="111" name="test_deny_admin_request" time="2.278"></testcase><testcase classname="test.login_unit_test.TestLogIn" file="test/login_unit_test.py" line="18" name="test_server_login" time="2.040"></testcase><testcase classname="test.login_unit_test.TestLogIn" file="test/login_unit_test.py" line="34" name="test_server_login_without_username" time="2.046"></testcase><testcase classname="test.login_unit_test.TestLogIn" file="test/login_unit_test.py" line="24" name="test_server_login_wrong_password" time="2.058"></testcase><testcase classname="test.login_unit_test.TestLogIn" file="test/login_unit_test.py" line="29" name="test_server_login_wrong_username" time="2.059"></testcase><testcase classname="test.register_unit_test.TestRegister" file="test/register_unit_test.py" line="30" name="test_server_register_hacker" time="0.620"></testcase><testcase classname="test.register_unit_test.TestRegister" file="test/register_unit_test.py" line="22" name="test_server_register_normal" time="1.441"></testcase><testcase classname="test.register_unit_test.TestRegister" file="test/register_unit_test.py" line="35" name="test_server_register_premision" time="0.606"></testcase><testcase classname="test.register_unit_test.TestRegister" file="test/register_unit_test.py" line="40" name="test_server_register_without_mail" time="0.695"></testcase><testcase classname="test.register_unit_test.TestRegister" file="test/register_unit_test.py" line="50" name="test_server_register_without_password" time="0.623"></testcase><testcase classname="test.register_unit_test.TestRegister" file="test/register_unit_test.py" line="45" name="test_server_register_without_username" time="0.651"></testcase><testcase classname="test.register_unit_test.TestRegister" file="test/register_unit_test.py" line="17" name="test_server_responds" time="0.610"></testcase><testcase classname="test.test_userSerch.TestSerchUser" file="test/test_userSerch.py" line="82" name="test_get_delete_and_return" time="6.336"></testcase><testcase classname="test.test_userSerch.TestSerchUser" file="test/test_userSerch.py" line="56" name="test_get_user_in_delete" time="4.842"></testcase><testcase classname="test.test_userSerch.TestSerchUser" file="test/test_userSerch.py" line="47" name="test_get_user_not_inside" time="4.444"></testcase><testcase classname="test.test_userSerch.TestSerchUser" file="test/test_userSerch.py" line="70" name="test_get_user_not_inside_delete" time="4.803"></testcase><testcase classname="test.test_userSerch.TestSerchUser" file="test/test_userSerch.py" line="34" name="test_get_user_to_delete" time="4.284"></testcase><testcase classname="test.test_userSerch.TestSerchUser" file="test/test_userSerch.py" line="42" name="test_get_user_to_delete_user_not_admin" time="4.071"></testcase><testcase classname="test.test_userSerch.TestSerchUser" file="test/test_userSerch.py" line="65" name="test_get_user_to_return_user_not_admin" time="4.045"></testcase><testcase classname="test.sever_side_test.test_server_statistics.TestSerchUser_server" file="test/sever_side_test/test_server_statistics.py" line="60" name="test_server_get_student_list" time="0.338"></testcase><testcase classname="test.sever_side_test.test_server_statistics.TestSerchUser_server" file="test/sever_side_test/test_server_statistics.py" line="66" name="test_server_get_student_statistic" time="0.654"></testcase><testcase classname="test.website_side_test.test_website_statstic.TestStatisticWebsite" file="test/website_side_test/test_website_statstic.py" line="80" name="test_server_get_student_list" time="10.662"><system-out>start set up process
finish set up web client
the user 1FBIUWF got register
the user 1FBIUWF is admin
the user RSYOCJY got register
the user 1FBIUWF is asking for responsibility for RSYOCJY
the user 1FBIUWF is responsible for RSYOCJY
--- testing  test_server_get_student_list ---
try to login 
login successfully
the student is in the parent page
saved some statistics
[[&apos;RSYOCJY&apos;, [[&apos;GLSH47F&apos;, &apos;9RER6XU&apos;, 2, &apos;2019-05-19&apos;], [&apos;GLSH47F&apos;, &apos;9RER6XU&apos;, 2, &apos;2019-05-19&apos;], [&apos;GLSH47F&apos;, &apos;9RER6XU&apos;, 2, &apos;2019-05-19&apos;], [&apos;GLSH47F&apos;, &apos;9RER6XU&apos;, 2, &apos;2019-05-19&apos;], [&apos;GLSH47F&apos;, &apos;9RER6XU&apos;, 2, &apos;2019-05-19&apos;]], 2.0]]
result from server is corract
start tear down
deleted RSYOCJY
deleted 1FBIUWF
</system-out></testcase></testsuite>