<?xml version="1.0" encoding="UTF-8"?><testsuite name="nosetests" tests="14" errors="0" failures="0" skip="0"><testcase classname="test.login_unit_test.TestLogIn" name="test_server_login" time="2.149"></testcase><testcase classname="test.login_unit_test.TestLogIn" name="test_server_login_without_username" time="2.071"></testcase><testcase classname="test.login_unit_test.TestLogIn" name="test_server_login_wrong_password" time="2.102"></testcase><testcase classname="test.login_unit_test.TestLogIn" name="test_server_login_wrong_username" time="2.022"></testcase><testcase classname="test.register_unit_test.TestRegister" name="test_server_register_hacker" time="0.632"></testcase><testcase classname="test.register_unit_test.TestRegister" name="test_server_register_normal" time="1.422"></testcase><testcase classname="test.register_unit_test.TestRegister" name="test_server_register_premision" time="0.629"></testcase><testcase classname="test.register_unit_test.TestRegister" name="test_server_register_without_mail" time="0.684"></testcase><testcase classname="test.register_unit_test.TestRegister" name="test_server_register_without_password" time="0.637"></testcase><testcase classname="test.register_unit_test.TestRegister" name="test_server_register_without_username" time="0.648"></testcase><testcase classname="test.register_unit_test.TestRegister" name="test_server_responds" time="0.630"></testcase><testcase classname="test.sever_side_test.test_server_statistics.TestSerchUser_server" name="test_server_get_student_list" time="0.451"></testcase><testcase classname="test.sever_side_test.test_server_statistics.TestSerchUser_server" name="test_server_get_student_statistic" time="0.819"></testcase><testcase classname="test.test_userSerch.TestSerchUser" name="test_get_delete_and_return" time="7.057"></testcase></testsuite>